<?xml version="1.0" encoding="UTF-8"?>
<testng-results ignored="0" total="1" passed="1" failed="0" skipped="0">
  <reporter-output>
  </reporter-output>
  <suite started-at="2025-11-05T13:49:12 IST" name="Default suite" finished-at="2025-11-05T13:49:42 IST" duration-ms="29787">
    <groups>
    </groups>
    <test started-at="2025-11-05T13:49:12 IST" name="Default test" finished-at="2025-11-05T13:49:42 IST" duration-ms="29787">
      <class name="maven_project.flip_package.Class_fl">
        <test-method is-config="true" signature="setup()[pri:0, instance:maven_project.flip_package.Class_fl@c86b9e3]" started-at="2025-11-05T13:49:12 IST" name="setup" finished-at="2025-11-05T13:49:17 IST" duration-ms="4390" status="PASS">
          <reporter-output>
          </reporter-output>
        </test-method> <!-- setup -->
        <test-method signature="flipkartTest()[pri:0, instance:maven_project.flip_package.Class_fl@c86b9e3]" started-at="2025-11-05T13:49:17 IST" name="flipkartTest" finished-at="2025-11-05T13:49:40 IST" duration-ms="22967" status="PASS">
          <reporter-output>
          </reporter-output>
        </test-method> <!-- flipkartTest -->
        <test-method is-config="true" signature="tearDown()[pri:0, instance:maven_project.flip_package.Class_fl@c86b9e3]" started-at="2025-11-05T13:49:40 IST" name="tearDown" finished-at="2025-11-05T13:49:42 IST" duration-ms="2358" status="PASS">
          <reporter-output>
          </reporter-output>
        </test-method> <!-- tearDown -->
      </class> <!-- maven_project.flip_package.Class_fl -->
    </test> <!-- Default test -->
  </suite> <!-- Default suite -->
</testng-results>
